<?xml version="1.0" encoding="UTF-8"?>
<!-- Generated by org.testng.reporters.JUnitReportReporter -->
<testsuite hostname="DESKTOP-45TE5AF" failures="0" tests="15" name="com.tka.testcase.DashboardTestCases" time="0.090" errors="0" timestamp="2024-12-23T11:56:42 IST" skipped="14">
  <testcase classname="com.tka.testcase.DashboardTestCases" name="verifyMainNavigations" time="0.090"/>
  <system-out/>
  <testcase classname="com.tka.testcase.DashboardTestCases" name="verifyTitleofDashboard">
    <skipped/>
  </testcase> <!-- verifyTitleofDashboard -->
  <system-out/>
  <testcase classname="com.tka.testcase.DashboardTestCases" name="verifyRemoveUserfromUserList">
    <skipped/>
  </testcase> <!-- verifyRemoveUserfromUserList -->
  <system-out/>
  <testcase classname="com.tka.testcase.DashboardTestCases" name="verifyUserTableHeaders">
    <skipped/>
  </testcase> <!-- verifyUserTableHeaders -->
  <system-out/>
  <testcase classname="com.tka.testcase.DashboardTestCases" name="verifyDashboardMainHeading">
    <skipped/>
  </testcase> <!-- verifyDashboardMainHeading -->
  <system-out/>
  <testcase classname="com.tka.testcase.DashboardTestCases" name="verifyCoursesOffered">
    <skipped/>
  </testcase> <!-- verifyCoursesOffered -->
  <system-out/>
  <testcase classname="com.tka.testcase.DashboardTestCases" name="verifyUsersList">
    <skipped/>
  </testcase> <!-- verifyUsersList -->
  <system-out/>
  <testcase classname="com.tka.testcase.DashboardTestCases" name="verifyUserMainheading">
    <skipped/>
  </testcase> <!-- verifyUserMainheading -->
  <system-out/>
  <testcase classname="com.tka.testcase.DashboardTestCases" name="verifyOperatorsHeading">
    <skipped/>
  </testcase> <!-- verifyOperatorsHeading -->
  <system-out/>
  <testcase classname="com.tka.testcase.DashboardTestCases" name="verifyOperatorsSubHeading">
    <skipped/>
  </testcase> <!-- verifyOperatorsSubHeading -->
  <system-out/>
  <testcase classname="com.tka.testcase.DashboardTestCases" name="verifyLogoutaccount">
    <skipped/>
  </testcase> <!-- verifyLogoutaccount -->
  <system-out/>
  <testcase classname="com.tka.testcase.DashboardTestCases" name="verifyOperatorListHeaders">
    <skipped/>
  </testcase> <!-- verifyOperatorListHeaders -->
  <system-out/>
  <testcase classname="com.tka.testcase.DashboardTestCases" name="testAddUsersSubHeading">
    <skipped/>
  </testcase> <!-- testAddUsersSubHeading -->
  <system-out/>
  <testcase classname="com.tka.testcase.DashboardTestCases" name="verifyDashboardSubHeading">
    <skipped/>
  </testcase> <!-- verifyDashboardSubHeading -->
  <system-out/>
  <testcase classname="com.tka.testcase.DashboardTestCases" name="verifyAddNewUser">
    <skipped/>
  </testcase> <!-- verifyAddNewUser -->
  <system-out/>
</testsuite> <!-- com.tka.testcase.DashboardTestCases -->
